# JRE version: OpenJDK Runtime Environment (11.0.10) (build 11.0.10+0-b96-7249189)
# Java VM: OpenJDK 64-Bit Server VM (11.0.10+0-b96-7249189, mixed mode, tiered, compressed oops, g1 gc, windows-amd64)
Heap:
 garbage-first heap   total 155648K, used 63874K [0x00000000a0000000, 0x0000000100000000)
  region size 1024K, 28 young (28672K), 11 survivors (11264K)
 Metaspace       used 50562K, capacity 51888K, committed 51968K, reserved 1093632K
  class space    used 6411K, capacity 6910K, committed 6912K, reserved 1048576K
GC Heap History (18 events):
Event: 0.971 GC heap before
{Heap before GC invocations=0 (full 0):
 garbage-first heap   total 129024K, used 29696K [0x00000000a0000000, 0x0000000100000000)
  region size 1024K, 24 young (24576K), 0 survivors (0K)
 Metaspace       used 10199K, capacity 10367K, committed 10624K, reserved 1058816K
  class space    used 1064K, capacity 1141K, committed 1152K, reserved 1048576K
}
Event: 0.981 GC heap after
{Heap after GC invocations=1 (full 0):
 garbage-first heap   total 129024K, used 9326K [0x00000000a0000000, 0x0000000100000000)
  region size 1024K, 3 young (3072K), 3 survivors (3072K)
 Metaspace       used 10199K, capacity 10367K, committed 10624K, reserved 1058816K
  class space    used 1064K, capacity 1141K, committed 1152K, reserved 1048576K
}
Event: 1.462 GC heap before
{Heap before GC invocations=1 (full 0):
 garbage-first heap   total 129024K, used 31854K [0x00000000a0000000, 0x0000000100000000)
  region size 1024K, 25 young (25600K), 3 survivors (3072K)
 Metaspace       used 11107K, capacity 11384K, committed 11520K, reserved 1058816K
  class space    used 1165K, capacity 1245K, committed 1280K, reserved 1048576K
}
Event: 1.468 GC heap after
{Heap after GC invocations=2 (full 0):
 garbage-first heap   total 129024K, used 9737K [0x00000000a0000000, 0x0000000100000000)
  region size 1024K, 1 young (1024K), 1 survivors (1024K)
 Metaspace       used 11107K, capacity 11384K, committed 11520K, reserved 1058816K
  class space    used 1165K, capacity 1245K, committed 1280K, reserved 1048576K
}
Event: 2.781 GC heap before
{Heap before GC invocations=2 (full 0):
 garbage-first heap   total 129024K, used 67081K [0x00000000a0000000, 0x0000000100000000)
  region size 1024K, 57 young (58368K), 1 survivors (1024K)
 Metaspace       used 18520K, capacity 18905K, committed 19072K, reserved 1067008K
  class space    used 2222K, capacity 2353K, committed 2432K, reserved 1048576K
}
Event: 2.786 GC heap after
{Heap after GC invocations=3 (full 0):
 garbage-first heap   total 129024K, used 15807K [0x00000000a0000000, 0x0000000100000000)
  region size 1024K, 7 young (7168K), 7 survivors (7168K)
 Metaspace       used 18520K, capacity 18905K, committed 19072K, reserved 1067008K
  class space    used 2222K, capacity 2353K, committed 2432K, reserved 1048576K
}
Event: 3.068 GC heap before
{Heap before GC invocations=3 (full 0):
 garbage-first heap   total 129024K, used 32191K [0x00000000a0000000, 0x0000000100000000)
  region size 1024K, 24 young (24576K), 7 survivors (7168K)
 Metaspace       used 20645K, capacity 21126K, committed 21248K, reserved 1067008K
  class space    used 2532K, capacity 2717K, committed 2816K, reserved 1048576K
}
Event: 3.076 GC heap after
{Heap after GC invocations=4 (full 0):
 garbage-first heap   total 129024K, used 16706K [0x00000000a0000000, 0x0000000100000000)
  region size 1024K, 1 young (1024K), 1 survivors (1024K)
 Metaspace       used 20645K, capacity 21126K, committed 21248K, reserved 1067008K
  class space    used 2532K, capacity 2717K, committed 2816K, reserved 1048576K
}
Event: 3.666 GC heap before
{Heap before GC invocations=5 (full 0):
 garbage-first heap   total 129024K, used 73026K [0x00000000a0000000, 0x0000000100000000)
  region size 1024K, 56 young (57344K), 1 survivors (1024K)
 Metaspace       used 26000K, capacity 26551K, committed 26752K, reserved 1073152K
  class space    used 3411K, capacity 3638K, committed 3712K, reserved 1048576K
}
Event: 3.669 GC heap after
{Heap after GC invocations=6 (full 0):
 garbage-first heap   total 129024K, used 18368K [0x00000000a0000000, 0x0000000100000000)
  region size 1024K, 3 young (3072K), 3 survivors (3072K)
 Metaspace       used 26000K, capacity 26551K, committed 26752K, reserved 1073152K
  class space    used 3411K, capacity 3638K, committed 3712K, reserved 1048576K
}
Event: 4.400 GC heap before
{Heap before GC invocations=6 (full 0):
 garbage-first heap   total 129024K, used 69568K [0x00000000a0000000, 0x0000000100000000)
  region size 1024K, 55 young (56320K), 3 survivors (3072K)
 Metaspace       used 34995K, capacity 35733K, committed 35840K, reserved 1081344K
  class space    used 4513K, capacity 4782K, committed 4864K, reserved 1048576K
}
Event: 4.410 GC heap after
{Heap after GC invocations=7 (full 0):
 garbage-first heap   total 129024K, used 23645K [0x00000000a0000000, 0x0000000100000000)
  region size 1024K, 8 young (8192K), 8 survivors (8192K)
 Metaspace       used 34995K, capacity 35733K, committed 35840K, reserved 1081344K
  class space    used 4513K, capacity 4782K, committed 4864K, reserved 1048576K
}
Event: 4.998 GC heap before
{Heap before GC invocations=8 (full 0):
 garbage-first heap   total 129024K, used 86109K [0x00000000a0000000, 0x0000000100000000)
  region size 1024K, 66 young (67584K), 8 survivors (8192K)
 Metaspace       used 39020K, capacity 39979K, committed 40192K, reserved 1083392K
  class space    used 4969K, capacity 5314K, committed 5376K, reserved 1048576K
}
Event: 5.007 GC heap after
{Heap after GC invocations=9 (full 0):
 garbage-first heap   total 129024K, used 26674K [0x00000000a0000000, 0x0000000100000000)
  region size 1024K, 5 young (5120K), 5 survivors (5120K)
 Metaspace       used 39020K, capacity 39979K, committed 40192K, reserved 1083392K
  class space    used 4969K, capacity 5314K, committed 5376K, reserved 1048576K
}
Event: 5.565 GC heap before
{Heap before GC invocations=9 (full 0):
 garbage-first heap   total 129024K, used 87090K [0x00000000a0000000, 0x0000000100000000)
  region size 1024K, 64 young (65536K), 5 survivors (5120K)
 Metaspace       used 43695K, capacity 44757K, committed 44928K, reserved 1087488K
  class space    used 5582K, capacity 5946K, committed 6016K, reserved 1048576K
}
Event: 5.572 GC heap after
{Heap after GC invocations=10 (full 0):
 garbage-first heap   total 155648K, used 29481K [0x00000000a0000000, 0x0000000100000000)
  region size 1024K, 8 young (8192K), 8 survivors (8192K)
 Metaspace       used 43695K, capacity 44757K, committed 44928K, reserved 1087488K
  class space    used 5582K, capacity 5946K, committed 6016K, reserved 1048576K
}
Event: 7.483 GC heap before
{Heap before GC invocations=10 (full 0):
 garbage-first heap   total 155648K, used 118569K [0x00000000a0000000, 0x0000000100000000)
  region size 1024K, 87 young (89088K), 8 survivors (8192K)
 Metaspace       used 48541K, capacity 49861K, committed 49920K, reserved 1093632K
  class space    used 6179K, capacity 6641K, committed 6656K, reserved 1048576K
}
Event: 7.499 GC heap after
{Heap after GC invocations=11 (full 0):
 garbage-first heap   total 155648K, used 47490K [0x00000000a0000000, 0x0000000100000000)
  region size 1024K, 11 young (11264K), 11 survivors (11264K)
 Metaspace       used 48541K, capacity 49861K, committed 49920K, reserved 1093632K
  class space    used 6179K, capacity 6641K, committed 6656K, reserved 1048576K
}

